<?xml version="1.0" encoding="UTF-8"?>
<!-- Generated by org.testng.reporters.JUnitXMLReporter -->
<testsuite hostname="LAPTOP-CNPB3TNK" failures="0" tests="8" name="test-1" time="76.482" errors="0" timestamp="15 Mar 2024 07:25:31 GMT">
  <testcase classname="com.spree.test.Spreecom_MyAccount_Test" name="verifyMyAccountText" time="4.058"/>
  <testcase classname="com.spree.test.Spreecom_MyAccount_Test" name="verifyMyAccountUrl" time="4.015"/>
  <testcase classname="com.spree.test.AddAddressTest" name="validateMyAccountURL" time="2.022"/>
  <testcase classname="com.spree.test.AddAddressTest" name="validateMyAccountText" time="2.047"/>
  <testcase classname="com.spree.test.AddAddressTest" name="addAddress" time="6.602"/>
  <testcase classname="com.spree.test.EditAddressTest" name="validateEditAddressURL" time="6.174"/>
  <testcase classname="com.spree.test.EditAddressTest" name="validateEditAddressText" time="2.046"/>
  <testcase classname="com.spree.test.EditAddressTest" name="editAddress" time="6.109"/>
</testsuite> <!-- test-1 -->
