<?xml version="1.0" encoding="UTF-8"?>
<!-- Generated by org.testng.reporters.JUnitXMLReporter -->
<testsuite ignored="2" hostname="LAPTOP-CNPB3TNK" failures="0" tests="8" name="test-1" time="76.569" errors="0" timestamp="2024-03-15T12:47:59 IST">
  <testcase classname="com.spree.test.Spreecom_MyAccount_Test" name="verifyMyAccountText" time="4.054"/>
  <testcase classname="com.spree.test.Spreecom_MyAccount_Test" name="verifyMyAccountUrl" time="4.038"/>
  <testcase classname="com.spree.test.AddAddressTest" name="validateMyAccountURL" time="2.023"/>
  <testcase classname="com.spree.test.AddAddressTest" name="validateMyAccountText" time="2.026"/>
  <testcase classname="com.spree.test.AddAddressTest" name="addAddress" time="5.999"/>
  <testcase classname="com.spree.test.EditAddressTest" name="validateEditAddressURL" time="5.83"/>
  <testcase classname="com.spree.test.EditAddressTest" name="validateEditAddressText" time="2.03"/>
  <testcase classname="com.spree.test.EditAddressTest" name="editAddress" time="5.515"/>
  <testcase classname="com.spree.common.Spree_BaseSetup" name="@BeforeTest SetUp" time="0.0">
    <ignored/>
  </testcase> <!-- @BeforeTest SetUp -->
  <testcase classname="com.spree.common.Spree_BaseSetup" name="@BeforeTest SetUp" time="0.0">
    <ignored/>
  </testcase> <!-- @BeforeTest SetUp -->
</testsuite> <!-- test-1 -->
