<?xml version="1.0" encoding="UTF-8"?>
<!-- Generated by org.testng.reporters.JUnitReportReporter -->
<testsuite hostname="LAPTOP-CNPB3TNK" failures="0" tests="2" name="com.spree.test.Spreecom_MyAccount_Test" time="8.102" errors="0" timestamp="2024-03-15T12:47:59 IST" skipped="0">
  <testcase classname="com.spree.test.Spreecom_MyAccount_Test" name="verifyMyAccountUrl" time="4.048"/>
  <system-out/>
  <testcase classname="com.spree.test.Spreecom_MyAccount_Test" name="verifyMyAccountText" time="4.054"/>
  <system-out/>
</testsuite> <!-- com.spree.test.Spreecom_MyAccount_Test -->
