<?xml version="1.0" encoding="UTF-8"?>
<!-- Generated by org.testng.reporters.JUnitReportReporter -->
<testsuite hostname="LAPTOP-CNPB3TNK" failures="0" tests="3" name="com.spree.test.AddAddressTest" time="10.053" errors="0" timestamp="2024-03-15T12:47:59 IST" skipped="0">
  <testcase classname="com.spree.test.AddAddressTest" name="validateMyAccountURL" time="2.023"/>
  <system-out/>
  <testcase classname="com.spree.test.AddAddressTest" name="validateMyAccountText" time="2.026"/>
  <system-out/>
  <testcase classname="com.spree.test.AddAddressTest" name="addAddress" time="6.004"/>
  <system-out/>
</testsuite> <!-- com.spree.test.AddAddressTest -->
