<?xml version="1.0" encoding="UTF-8"?>
<!-- Generated by org.testng.reporters.JUnitReportReporter -->
<testsuite hostname="LAPTOP-CNPB3TNK" failures="0" tests="3" name="com.spree.test.EditAddressTest" time="13.375" errors="0" timestamp="2024-03-15T12:47:59 IST" skipped="0">
  <testcase classname="com.spree.test.EditAddressTest" name="validateEditAddressURL" time="5.830"/>
  <system-out/>
  <testcase classname="com.spree.test.EditAddressTest" name="validateEditAddressText" time="2.030"/>
  <system-out/>
  <testcase classname="com.spree.test.EditAddressTest" name="editAddress" time="5.515"/>
  <system-out/>
</testsuite> <!-- com.spree.test.EditAddressTest -->
