<?xml version="1.0" encoding="UTF-8"?>
<!-- Generated by org.testng.reporters.JUnitReportReporter -->
<testsuite hostname="LAPTOP-CNPB3TNK" failures="0" tests="1" name="com.spree.test.HomeTest" time="23.665" errors="0" timestamp="2023-08-30T22:16:38 IST" skipped="0">
  <testcase classname="com.spree.test.HomeTest" name="func" time="23.665"/>
  <system-out/>
</testsuite> <!-- com.spree.test.HomeTest -->
