<?xml version="1.0" encoding="UTF-8"?>
<!-- Generated by org.testng.reporters.JUnitReportReporter -->
<testsuite hostname="LAPTOP-CNPB3TNK" failures="0" tests="3" name="com.spree.test.Spreecom_SportswearPage_Test" time="2.172" errors="0" timestamp="2023-08-30T22:17:33 IST" skipped="0">
  <testcase classname="com.spree.test.Spreecom_SportswearPage_Test" name="validateSportswearPage" time="2.083"/>
  <system-out/>
  <testcase classname="com.spree.test.Spreecom_SportswearPage_Test" name="validateTitle" time="0.011"/>
  <system-out/>
  <testcase classname="com.spree.test.Spreecom_SportswearPage_Test" name="validateText" time="0.078"/>
  <system-out/>
</testsuite> <!-- com.spree.test.Spreecom_SportswearPage_Test -->
