<?xml version="1.0" encoding="UTF-8"?>
<!-- Generated by org.testng.reporters.JUnitReportReporter -->
<testsuite hostname="LAPTOP-CNPB3TNK" failures="0" tests="2" name="com.spree.test.Spreecom_MyAccount_Test" time="8.078" errors="0" timestamp="15 Mar 2024 07:25:31 GMT">
  <testcase classname="com.spree.test.Spreecom_MyAccount_Test" name="verifyMyAccountText" time="4.058"/>
  <testcase classname="com.spree.test.Spreecom_MyAccount_Test" name="verifyMyAccountUrl" time="4.020"/>
</testsuite> <!-- com.spree.test.Spreecom_MyAccount_Test -->
