<?xml version="1.0" encoding="UTF-8"?>
<!-- Generated by org.testng.reporters.JUnitReportReporter -->
<testsuite hostname="LAPTOP-CNPB3TNK" failures="0" tests="3" name="com.spree.test.EditAddressTest" time="14.334" errors="0" timestamp="15 Mar 2024 07:25:31 GMT">
  <testcase classname="com.spree.test.EditAddressTest" name="editAddress" time="6.114"/>
  <testcase classname="com.spree.test.EditAddressTest" name="validateEditAddressText" time="2.046"/>
  <testcase classname="com.spree.test.EditAddressTest" name="validateEditAddressURL" time="6.174"/>
</testsuite> <!-- com.spree.test.EditAddressTest -->
