<?xml version="1.0" encoding="UTF-8"?>
<!-- Generated by org.testng.reporters.JUnitReportReporter -->
<testsuite hostname="LAPTOP-CNPB3TNK" failures="0" tests="3" name="com.spree.test.AddAddressTest" time="10.671" errors="0" timestamp="15 Mar 2024 07:25:31 GMT">
  <testcase classname="com.spree.test.AddAddressTest" name="validateMyAccountText" time="2.047"/>
  <testcase classname="com.spree.test.AddAddressTest" name="validateMyAccountURL" time="2.022"/>
  <testcase classname="com.spree.test.AddAddressTest" name="addAddress" time="6.602"/>
</testsuite> <!-- com.spree.test.AddAddressTest -->
